<?xml version="1.0" encoding="UTF-8"?>
<testng-results ignored="0" total="1" passed="1" failed="0" skipped="0">
  <reporter-output>
  </reporter-output>
  <suite started-at="2026-01-30T05:52:42 UTC" name="Suite" finished-at="2026-01-30T05:52:45 UTC" duration-ms="2973">
    <groups>
      <group name="cucumber">
        <method signature="AbstractTestNGCucumberTests.runScenario(io.cucumber.testng.PickleWrapper,io.cucumber.testng.FeatureWrapper)[pri:0, instance:runnertest.Run1@70325e14]" name="runScenario" class="io.cucumber.testng.AbstractTestNGCucumberTests"/>
      </group> <!-- cucumber -->
    </groups>
    <test started-at="2026-01-30T05:52:42 UTC" name="Test" finished-at="2026-01-30T05:52:45 UTC" duration-ms="2973">
      <class name="runnertest.Run1">
        <test-method is-config="true" signature="setUpClass(org.testng.ITestContext)[pri:0, instance:runnertest.Run1@70325e14]" started-at="2026-01-30T05:52:42 UTC" name="setUpClass" finished-at="2026-01-30T05:52:42 UTC" duration-ms="379" status="PASS">
          <params>
            <param index="0">
              <value>
                <![CDATA[org.testng.TestRunner@11eed657]]>
              </value>
            </param>
          </params>
          <reporter-output>
          </reporter-output>
        </test-method> <!-- setUpClass -->
        <test-method signature="runScenario(io.cucumber.testng.PickleWrapper,io.cucumber.testng.FeatureWrapper)[pri:0, instance:runnertest.Run1@70325e14]" started-at="2026-01-30T05:52:42 UTC" name="runScenario" description="Runs Cucumber Scenarios" data-provider="scenarios" finished-at="2026-01-30T05:52:45 UTC" duration-ms="2519" status="PASS">
          <params>
            <param index="0">
              <value>
                <![CDATA["validate google search is working"]]>
              </value>
            </param>
            <param index="1">
              <value>
                <![CDATA["homepage_search"]]>
              </value>
            </param>
          </params>
          <reporter-output>
          </reporter-output>
        </test-method> <!-- runScenario -->
        <test-method is-config="true" signature="tearDownClass()[pri:0, instance:runnertest.Run1@70325e14]" started-at="2026-01-30T05:52:45 UTC" name="tearDownClass" finished-at="2026-01-30T05:52:45 UTC" duration-ms="47" status="PASS">
          <reporter-output>
          </reporter-output>
        </test-method> <!-- tearDownClass -->
      </class> <!-- runnertest.Run1 -->
    </test> <!-- Test -->
  </suite> <!-- Suite -->
</testng-results>
